<?xml version="1.0" encoding="UTF-8"?><testsuite failures="0" name="cucumber.runtime.formatter.JUnitFormatter" skipped="0" tests="1" time="17.663349">
<testcase classname="To place a order for Automation practise in Retailer Online portal" name="As a online customer, i need to place a order and verify order history" time="17.663349">
<system-out><![CDATA[Given user lands on login page..............................................passed
When user enters email address and password.................................passed
And Click on First name on right top corner.................................passed
Then Changed personal information of first name.............................passed
]]></system-out>
</testcase>
</testsuite>
